<?xml version="1.0" encoding="UTF-8"?>
<!-- Generated by org.testng.reporters.JUnitXMLReporter -->
<testsuite ignored="5" hostname="Admin234-PC" failures="1" tests="1" name="Test(failed)" time="0.095" errors="0" timestamp="2022-08-20T21:34:44 IST">
  <testcase classname="testNGPack.TestNG1" name="c" time="0.018">
    <failure type="java.lang.ArithmeticException" message="/ by zero">
      <![CDATA[java.lang.ArithmeticException: / by zero
at testNGPack.TestNG1.c(TestNG1.java:17)
at java.base/java.util.ArrayList.forEach(ArrayList.java:1541)
... Removed 27 stack frames]]>
    </failure>
  </testcase> <!-- c -->
  <testcase classname="testNGPack.TestNG1" name="a" time="0.0">
    <ignored/>
  </testcase> <!-- a -->
  <testcase classname="testNGPack.TestNG1" name="b" time="0.0">
    <ignored/>
  </testcase> <!-- b -->
  <testcase classname="testNGPack.TestNG1" name="e" time="0.0">
    <ignored/>
  </testcase> <!-- e -->
  <testcase classname="testNGPack.TestNG1" name="f" time="0.0">
    <ignored/>
  </testcase> <!-- f -->
  <testcase classname="testNGPack.TestNG1" name="d" time="0.0">
    <ignored/>
  </testcase> <!-- d -->
</testsuite> <!-- Test(failed) -->
