<?xml version="1.0" encoding="UTF-8"?>
<!-- Generated by org.testng.reporters.JUnitXMLReporter -->
<testsuite ignored="0" hostname="Admin234-PC" failures="0" tests="18" name="Default test" time="0.252" errors="0" timestamp="2022-08-26T19:41:18 IST">
  <testcase classname="testNGPack.Flag6Group" name="ft1" time="0.02"/>
  <testcase classname="testNGPack.Flag6Group" name="ft2" time="0.003"/>
  <testcase classname="testNGPack.Flag6Group" name="ft3" time="0.005"/>
  <testcase classname="testNGPack.Flag6Group" name="ft4" time="0.003"/>
  <testcase classname="testNGPack.Flag6Group" name="ft5" time="0.003"/>
  <testcase classname="testNGPack.Flag6Group" name="ft6" time="0.012"/>
  <testcase classname="testNGPack.Flag6Group" name="it1" time="0.003"/>
  <testcase classname="testNGPack.Flag6Group" name="it2" time="0.004"/>
  <testcase classname="testNGPack.Flag6Group" name="it3" time="0.003"/>
  <testcase classname="testNGPack.Flag6Group" name="it4" time="0.004"/>
  <testcase classname="testNGPack.Flag6Group" name="it5" time="0.003"/>
  <testcase classname="testNGPack.Flag6Group" name="it6" time="0.003"/>
  <testcase classname="testNGPack.Flag6Group" name="st1" time="0.003"/>
  <testcase classname="testNGPack.Flag6Group" name="st2" time="0.005"/>
  <testcase classname="testNGPack.Flag6Group" name="st3" time="0.002"/>
  <testcase classname="testNGPack.Flag6Group" name="st4" time="0.003"/>
  <testcase classname="testNGPack.Flag6Group" name="st5" time="0.003"/>
  <testcase classname="testNGPack.Flag6Group" name="st6" time="0.003"/>
</testsuite> <!-- Default test -->
