<?xml version="1.0" encoding="UTF-8"?>
<!-- Generated by org.testng.reporters.JUnitXMLReporter -->
<testsuite ignored="0" hostname="Admin234-PC" failures="1" tests="9" name="Test" time="0.166" errors="0" timestamp="2022-08-22T10:28:52 IST">
  <testcase classname="testNGPack.Demo" name="method" time="0.02"/>
  <testcase classname="testNGPack.TestNG1" name="a" time="0.004"/>
  <testcase classname="testNGPack.TestNG1" name="b" time="0.003"/>
  <testcase classname="testNGPack.TestNG1" name="c" time="0.003">
    <failure type="java.lang.ArithmeticException" message="/ by zero">
      <![CDATA[java.lang.ArithmeticException: / by zero
at testNGPack.TestNG1.c(TestNG1.java:17)
at java.base/java.util.ArrayList.forEach(ArrayList.java:1541)
... Removed 27 stack frames]]>
    </failure>
  </testcase> <!-- c -->
  <testcase classname="testNGPack.TestNG1" name="d" time="0.003"/>
  <testcase classname="testNGPack.TestNG1" name="e" time="0.003"/>
  <testcase classname="testNGPack.TestNG1" name="f" time="0.002"/>
  <testcase classname="testNGPack.Remo" name="method2" time="0.003"/>
  <testcase classname="testNGPack.Sumo" name="method2" time="0.002"/>
</testsuite> <!-- Test -->
